









<!DOCTYPE html>
<html>
<head>
	<meta charset='utf-8' /> 
	<meta name='description' content='' />
	<meta name='robots' content='noodp, noydir' />
	<meta name='viewport' content='width=device-width, initial-scale=1' />
	<meta id="timeStampFormat" name="timeStampFormat" content='MMM d, yyyy hh:mm:ss a'/>
	
        <link href='https://fonts.googleapis.com/css?family=Source+Sans+Pro:400,600' rel='stylesheet' type='text/css' />
        <link href="https://fonts.googleapis.com/icon?family=Material+Icons" rel="stylesheet" />
        <link href='https://cdn.jsdelivr.net/gh/extent-framework/extent-github-cdn@ff53917fbbdb5ef820abbbe4d199a6942dc771ff/v3html/css/extent.css' type='text/css' rel='stylesheet' />
	
	<title>ExtentReports</title>

	<style type='text/css'>
		/* json-tree */
		.jstBracket,.jstComma,.jstValue{white-space:pre-wrap}.jstValue{font-size:10px;font-weight:400;font-family:"Lucida Console",Monaco,monospace}.jstProperty{color:#666;word-wrap:break-word}.jstBool{color:#2525CC}.jstNum{color:#D036D0}.jstNull{color:gray}.jstStr{color:#2DB669}.jstFold:after{content:' -';cursor:pointer}.jstExpand{white-space:normal}.jstExpand:after{content:' +';cursor:pointer}.jstFolded{white-space:normal!important}.jstHiddenBlock{display:none}
	</style>
	
	<script type="text/javascript">
		/*! json-tree - v0.2.2 - 2017-09-25, MIT LICENSE */
		var JSONTree=function(){var n={"&":"&amp;","<":"&lt;",">":"&gt;",'"':"&quot;","'":"&#x27;","/":"&#x2F;"},t=0,r=0;this.create=function(n,t){return r+=1,N(u(n,0,!1),{class:"jstValue"})};var e=function(t){return t.replace(/[&<>'"]/g,function(t){return n[t]})},s=function(){return r+"_"+t++},u=function(n,t,r){if(null===n)return f(r?t:0);switch(typeof n){case"boolean":return l(n,r?t:0);case"number":return i(n,r?t:0);case"string":return o(n,r?t:0);default:return n instanceof Array?a(n,t,r):c(n,t,r)}},c=function(n,t,r){var e=s(),u=Object.keys(n).map(function(r){return j(r,n[r],t+1,!0)}).join(m()),c=[g("{",r?t:0,e),N(u,{id:e}),p("}",t)].join("\n");return N(c,{})},a=function(n,t,r){var e=s(),c=n.map(function(n){return u(n,t+1,!0)}).join(m());return[g("[",r?t:0,e),N(c,{id:e}),p("]",t)].join("\n")},o=function(n,t){var r=e(JSON.stringify(n));return N(v(r,t),{class:"jstStr"})},i=function(n,t){return N(v(n,t),{class:"jstNum"})},l=function(n,t){return N(v(n,t),{class:"jstBool"})},f=function(n){return N(v("null",n),{class:"jstNull"})},j=function(n,t,r){var s=v(e(JSON.stringify(n))+": ",r),c=N(u(t,r,!1),{});return N(s+c,{class:"jstProperty"})},m=function(){return N(",\n",{class:"jstComma"})},N=function(n,t){return d("span",t,n)},d=function(n,t,r){return"<"+n+Object.keys(t).map(function(n){return" "+n+'="'+t[n]+'"'}).join("")+">"+r+"</"+n+">"},g=function(n,t,r){return N(v(n,t),{class:"jstBracket"})+N("",{class:"jstFold",onclick:"JSONTree.toggle('"+r+"')"})};this.toggle=function(n){var t=document.getElementById(n),r=t.parentNode,e=t.previousElementSibling;""===t.className?(t.className="jstHiddenBlock",r.className="jstFolded",e.className="jstExpand"):(t.className="",r.className="",e.className="jstFold")};var p=function(n,t){return N(v(n,t),{})},v=function(n,t){return Array(2*t+1).join(" ")+n};return this}();
	</script>
</head>
	<body class='extent standard default hide-overflow bdd-report'>
		<div id='theme-selector' alt='Click to toggle theme. To enable by default, use theme configuration.' title='Click to toggle theme. To enable by default, use theme configuration.'>
			<span><i class='material-icons'>desktop_windows</i></span>
		</div>
<nav>
	<div class="nav-wrapper">
		<a href="#!" class="brand-logo black"><img src="https://cdn.rawgit.com/extent-framework/extent-github-cdn/d74480e/commons/img/logo.png"></a>
		<!-- slideout menu -->
		<ul id='slide-out' class='side-nav fixed hide-on-med-and-down'>
			<li class='waves-effect active'><a href='#!' view='test-view' onclick="configureView(0);chartsView('test');"><i class='material-icons'>dashboard</i></a></li>
						<li class='waves-effect'><a href='#!' view='category-view' onclick="configureView(1)"><i class='material-icons'>label_outline</i></a></li>
			<li class='waves-effect'><a href='#!' view='exception-view' onclick="configureView(2)"><i class='material-icons'>bug_report</i></a></li>
			<li class='waves-effect'><a href='#!' onclick="configureView(-1);chartsView('dashboard');" view='dashboard-view'><i class='material-icons'>track_changes</i></a></li>
		</ul>
		<!-- report name -->
		<span class='report-name'>ExtentReports</span>
		<!-- report headline -->
		<span class='report-headline'></span>
		<!-- nav-right -->
		<ul id='nav-mobile' class='right hide-on-med-and-down nav-right'>
			<a href='#!'>
			<span class='label blue darken-3 suite-start-time'>Jan 31, 2024 10:55:28 am</span>
			</a>
		</ul>
	</div>
</nav>		<!-- container -->
		<div class='container'>
<div id='test-view' class='view'>
	<section id='controls'>
		<div class='controls grey lighten-4'>
			<!-- test toggle -->
			<div class='chip transparent'>
				<a class='dropdown-button tests-toggle' data-activates='tests-toggle' data-constrainwidth='true' data-beloworigin='true' data-hover='true' href='#'>
				<i class='material-icons'>warning</i> Status
				</a>
				<ul id='tests-toggle' class='dropdown-content'>
										<li status='pass'><a href='#!'>Pass <i class='material-icons green-text'>check_circle</i></a></li>
					<li status='fail'><a href='#!'>Fail <i class='material-icons red-text'>cancel</i></a></li>
					<li status='skip'><a href='#!'>Skip <i class='material-icons cyan-text'>redo</i></a></li>
					<li class='divider'></li>
					<li status='clear' clear='true'><a href='#!'>Clear Filters <i class='material-icons'>clear</i></a></li>
				</ul>
			</div>
			<!-- test toggle -->
			<!-- category toggle -->
			<div class='chip transparent'>
				<a class='dropdown-button category-toggle' data-activates='category-toggle' data-constrainwidth='false' data-beloworigin='true' data-hover='true' href='#'>
				<i class='material-icons'>local_offer</i> Category
				</a>
				<ul id='category-toggle' class='dropdown-content'>
					<li><a href='#'>@FeatureGroup</a></li>
					<li><a href='#'>@CreatePOforIPOSmoke</a></li>
					<li class='divider'></li>
					<li class='clear'><a href='#!' clear='true'>Clear Filters</a></li>
				</ul>
			</div>
			<!-- category toggle -->
			<!-- clear filters -->
			<div class='chip transparent hide'>
				<a class='' id='clear-filters' alt='Clear Filters' title='Clear Filters'>
				<i class='material-icons'>close</i> Clear
				</a>
			</div>
			<!-- clear filters -->
			<!-- enable dashboard -->
			<div id='toggle-test-view-charts' class='chip transparent'>
				<a class='pink-text' id='enable-dashboard' alt='Enable Dashboard' title='Enable Dashboard'>
				<i class='material-icons'>track_changes</i> Dashboard
				</a>
			</div>
			<!-- enable dashboard -->
			<!-- search -->
			<div class='chip transparent' alt='Search Tests' title='Search Tests'>
				<a href="#" class='search-div'>
				<i class='material-icons'>search</i> Search
				</a>
				<div class='input-field left hide'>
					<input id='search-tests' type='text' class='validate browser-default' placeholder='Search Tests...'>
				</div>
			</div>
			<!-- search -->
		</div>
	</section>
<div id='test-view-charts' class='subview-full'>
    <div id='charts-row' class='row nm-v nm-h'>
        <div class='col s12 m4 l4 np-h'>
            <div class='card-panel nm-v'>
                <div class='left panel-name'>Features</div>
                <div class='chart-box' style="max-height:94px;">
                    <canvas id='parent-analysis' width='90' height='70'></canvas>
                </div>
                <div class='block text-small'>
                    <span class='tooltipped' data-position='top' data-tooltip='0%'><span class='strong'>0</span> feature(s) passed</span>
                </div>
                <div class='block text-small'>
                    <span class='strong tooltipped' data-position='top' data-tooltip='100%'>1</span> feature(s) failed, <span class='strong tooltipped' data-position='top' data-tooltip='0%'>0</span> skipped
                </div>
            </div>
        </div>
        <div class='col s12 m4 l4 np-h'>
            <div class='card-panel nm-v'>
                <div class='left panel-name'>Scenarios</div>
                <div class='chart-box' style="max-height:94px;">
                    <canvas id='child-analysis' width='90' height='70'></canvas>
                </div>
                <div class='block text-small'>
                    <span class='tooltipped' data-position='top' data-tooltip='0%'><span class='strong'>0</span> scenario(s) passed</span>
                </div>
                <div class='block text-small'>
                    <span class='strong tooltipped' data-position='top' data-tooltip='100%'>1</span> scenario(s) failed, 
                    <span class='strong tooltipped' data-position='top' data-tooltip='0%'>0</span> skipped, 
                    <span class='strong tooltipped' data-position='top' data-tooltip='0%'>0</span> others
                </div>
            </div>
        </div>
        <div class='col s12 m4 l4 np-h'>
            <div class='card-panel nm-v'>
                <div class='left panel-name'>Steps</div>
                <div class='chart-box' style="max-height:94px;">
                    <canvas id='grandchild-analysis' width='90' height='70'></canvas>
                </div>
                <div class='block text-small'>
                    <span class='tooltipped' data-position='top' data-tooltip='25.714%'><span class='strong'>9</span> step(s) passed</span>
                </div>
                <div class='block text-small'>
                    <span class='strong tooltipped' data-position='top' data-tooltip='5.714%'>2</span> scenario(s) failed, 
                    <span class='strong tooltipped' data-position='top' data-tooltip='68.571%'>24</span> skipped, 
                    <span class='strong tooltipped' data-position='top' data-tooltip='68.571%'>0</span> others
                </div>
            </div>
        </div>
    </div>
    <div id="timeline-chart" class="row nm-v nm-h">
        <div class="col s12 m12 l12 np-h">
            <div class="card-panel">
                <div class='left panel-name'>Timeline (seconds)</div>
                <div class="chart-box" style="width:98%;max-height:145px;">
                    <canvas id="timeline" height="120"></canvas>
                </div>
            </div>
        </div>
    </div>
</div>	<div class='subview-left left'>
		<div class='view-summary'>
			<ul id='test-collection' class='test-collection'>
				<li class='test displayed active has-leaf fail' status='fail' bdd='true' test-id='1'>
					<div class='test-heading'>
						<span class='test-name'>Verification and Validation of Create PO for Fabric</span>
						<span class='test-time'>Jan 31, 2024 10:55:34 am</span>
						<span class='test-status right fail'>fail</span>
					</div>
					<div class='test-content hide'>
<div class="sr-filters bdd-filters">
	<a class="btn-floating waves-effect waves-light pass green" title="pass"><i class='material-icons'>check_circle</i></a>
	<a class="btn-floating waves-effect waves-light fail red" title="fail"><i class='material-icons'>cancel</i></a>
	<a class="btn-floating waves-effect waves-light skip blue" title="skip"><i class='material-icons'>redo</i></a>
	<a class="btn-floating waves-effect waves-light clear grey" title="clear"><i class='material-icons'>clear</i></a>
</div>
<div class='scenario node' test-id='2' status='fail'>
	<div class='category-list'>
		<span class='category label'>@FeatureGroup</span>
		<span class='category label'>@CreatePOforIPOSmoke</span>
	</div>
	<span class='duration right label'>0h 0m 25s+134ms</span>
	<div class="bdd-test">
		<div class="scenario-name"><span class='status fail' title='fail'><i class='material-icons'>cancel</i></span> Scenario: To Test the user able to navigate to create po for ipo screen and submit the po for ipo</div>
	</div>
	<ul class='steps'>
		<li test-id='4' class='node when pass' status='pass'>
			<div class="step-name" title="Stepdefinition1.Login_steps.User_navigates_to_Login_page()"><span class='status pass' title='pass'><i class='material-icons'>check_circle</i></span>When User navigates to Login page</div>
			<div class="node-step"></div>
		</li>
		<li test-id='5' class='node * pass' status='pass'>
			<div class="step-name" title=""><span class='status pass' title='pass'><i class='material-icons'>check_circle</i></span>Stepdefinition1.Hooks.as(io.cucumber.java.Scenario)</div>
			<ul class='screenshots right'>
				<li><a data-featherlight="image" href="../screenshots/embedded1.png"><i class='material-icons'>panorama</i></a></li>
			</ul>
			<div class="node-step"></div>
		</li>
		<li test-id='6' class='node then pass' status='pass'>
			<div class="step-name" title="Stepdefinition1.Login_steps.User_enters_the_username_and_password()"><span class='status pass' title='pass'><i class='material-icons'>check_circle</i></span>Then User enters the username and password</div>
			<div class="node-step"></div>
		</li>
		<li test-id='7' class='node * pass' status='pass'>
			<div class="step-name" title=""><span class='status pass' title='pass'><i class='material-icons'>check_circle</i></span>Stepdefinition1.Hooks.as(io.cucumber.java.Scenario)</div>
			<ul class='screenshots right'>
				<li><a data-featherlight="image" href="../screenshots/embedded2.png"><i class='material-icons'>panorama</i></a></li>
			</ul>
			<div class="node-step"></div>
		</li>
		<li test-id='8' class='node and pass' status='pass'>
			<div class="step-name" title="Stepdefinition1.Login_steps.User_click_on_the_signIn()"><span class='status pass' title='pass'><i class='material-icons'>check_circle</i></span>And User click on the signIn</div>
			<div class="node-step"></div>
		</li>
		<li test-id='9' class='node * pass' status='pass'>
			<div class="step-name" title=""><span class='status pass' title='pass'><i class='material-icons'>check_circle</i></span>Stepdefinition1.Hooks.as(io.cucumber.java.Scenario)</div>
			<ul class='screenshots right'>
				<li><a data-featherlight="image" href="../screenshots/embedded3.png"><i class='material-icons'>panorama</i></a></li>
			</ul>
			<div class="node-step"></div>
		</li>
		<li test-id='10' class='node and pass' status='pass'>
			<div class="step-name" title="Stepdefinition1.Newfabricsheet_Steps.Click_on_the_Woven_Module()"><span class='status pass' title='pass'><i class='material-icons'>check_circle</i></span>And Click on the Woven Module</div>
			<div class="node-step"></div>
		</li>
		<li test-id='11' class='node * pass' status='pass'>
			<div class="step-name" title=""><span class='status pass' title='pass'><i class='material-icons'>check_circle</i></span>Stepdefinition1.Hooks.as(io.cucumber.java.Scenario)</div>
			<ul class='screenshots right'>
				<li><a data-featherlight="image" href="../screenshots/embedded4.png"><i class='material-icons'>panorama</i></a></li>
			</ul>
			<div class="node-step"></div>
		</li>
		<li test-id='12' class='node then fail' status='fail'>
			<div class="step-name" title="Stepdefinition1.CreatePOforIPO_Steps.Click_on_Fabric_sourcing_module()"><span class='status fail' title='fail'><i class='material-icons'>cancel</i></span>Then Click on Fabric sourcing module</div>
			<textarea disabled class="code-block">io.cucumber.core.exception.CucumberException: Failed to instantiate class Stepdefinition1.CreatePOforIPO_Steps
	at io.cucumber.core.runtime.ObjectFactoryServiceLoader$DefaultJavaObjectFactory.cacheNewInstance(ObjectFactoryServiceLoader.java:149)
	at io.cucumber.core.runtime.ObjectFactoryServiceLoader$DefaultJavaObjectFactory.getInstance(ObjectFactoryServiceLoader.java:133)
	at io.cucumber.java.AbstractGlueDefinition.invokeMethod(AbstractGlueDefinition.java:47)
	at io.cucumber.java.JavaStepDefinition.execute(JavaStepDefinition.java:29)
	at io.cucumber.core.runner.CoreStepDefinition.execute(CoreStepDefinition.java:66)
	at io.cucumber.core.runner.PickleStepDefinitionMatch.runStep(PickleStepDefinitionMatch.java:63)
	at io.cucumber.core.runner.ExecutionMode$1.execute(ExecutionMode.java:10)
	at io.cucumber.core.runner.TestStep.executeStep(TestStep.java:92)
	at io.cucumber.core.runner.TestStep.run(TestStep.java:64)
	at io.cucumber.core.runner.PickleStepTestStep.run(PickleStepTestStep.java:51)
	at io.cucumber.core.runner.TestCase.run(TestCase.java:104)
	at io.cucumber.core.runner.Runner.runPickle(Runner.java:73)
	at io.cucumber.junit.PickleRunners$NoStepDescriptions.run(PickleRunners.java:151)
	at io.cucumber.junit.FeatureRunner.runChild(FeatureRunner.java:135)
	at io.cucumber.junit.FeatureRunner.runChild(FeatureRunner.java:27)
	at org.junit.runners.ParentRunner$3.run(ParentRunner.java:238)
	at org.junit.runners.ParentRunner$1.schedule(ParentRunner.java:63)
	at org.junit.runners.ParentRunner.runChildren(ParentRunner.java:236)
	at org.junit.runners.ParentRunner.access$000(ParentRunner.java:53)
	at org.junit.runners.ParentRunner$2.evaluate(ParentRunner.java:229)
	at org.junit.runners.ParentRunner.run(ParentRunner.java:309)
	at io.cucumber.junit.Cucumber.runChild(Cucumber.java:200)
	at io.cucumber.junit.Cucumber.runChild(Cucumber.java:90)
	at org.junit.runners.ParentRunner$3.run(ParentRunner.java:238)
	at org.junit.runners.ParentRunner$1.schedule(ParentRunner.java:63)
	at org.junit.runners.ParentRunner.runChildren(ParentRunner.java:236)
	at org.junit.runners.ParentRunner.access$000(ParentRunner.java:53)
	at org.junit.runners.ParentRunner$2.evaluate(ParentRunner.java:229)
	at io.cucumber.junit.Cucumber$RunCucumber.evaluate(Cucumber.java:235)
	at org.junit.runners.ParentRunner.run(ParentRunner.java:309)
	at org.eclipse.jdt.internal.junit4.runner.JUnit4TestReference.run(JUnit4TestReference.java:93)
	at org.eclipse.jdt.internal.junit.runner.TestExecution.run(TestExecution.java:40)
	at org.eclipse.jdt.internal.junit.runner.RemoteTestRunner.runTests(RemoteTestRunner.java:529)
	at org.eclipse.jdt.internal.junit.runner.RemoteTestRunner.runTests(RemoteTestRunner.java:756)
	at org.eclipse.jdt.internal.junit.runner.RemoteTestRunner.run(RemoteTestRunner.java:452)
	at org.eclipse.jdt.internal.junit.runner.RemoteTestRunner.main(RemoteTestRunner.java:210)
Caused by: java.lang.reflect.InvocationTargetException
	at java.base/jdk.internal.reflect.DirectConstructorHandleAccessor.newInstance(DirectConstructorHandleAccessor.java:79)
	at java.base/java.lang.reflect.Constructor.newInstanceWithCaller(Constructor.java:500)
	at java.base/java.lang.reflect.Constructor.newInstance(Constructor.java:484)
	at io.cucumber.core.runtime.ObjectFactoryServiceLoader$DefaultJavaObjectFactory.cacheNewInstance(ObjectFactoryServiceLoader.java:141)
	... 35 more
Caused by: java.lang.Error: Unresolved compilation problems: 
	Syntax error on tokens, delete these tokens
	Duplicate field CreatePOForStockPage.butt_Save
	Syntax error on tokens, delete these tokens
	Duplicate field CreatePOForStockPage.butt_Save
	Syntax error on tokens, delete these tokens
	Invalid character constant
	of cannot be resolved to a type
	Syntax error on tokens, delete these tokens
	Syntax error on tokens, delete these tokens
	Duplicate local variable DelivTerms
	Syntax error, insert ";" to complete Statement
	Invalid character constant
	Syntax error on tokens, delete these tokens
	Syntax error on tokens, delete these tokens
	The method findElement(By) in the type WebDriver is not applicable for the arguments (String)
	Syntax error, insert ";" to complete Statement
	Invalid character constant
	Syntax error on tokens, delete these tokens
	Syntax error on tokens, delete these tokens
	Syntax error on tokens, delete these tokens
	Invalid character constant
	Syntax error on tokens, delete these tokens
	Syntax error on tokens, Expression expected instead
	Syntax error, insert ";" to complete Statement
	Invalid character constant
	Syntax error on tokens, delete these tokens
	Syntax error on tokens, Expression expected instead
	Syntax error, insert ";" to complete Statement
	Invalid character constant

	at Page.CreatePOForStockPage.<init>(CreatePOForStockPage.java:84)
	at Page.CreatePOforIPO_pages.<init>(CreatePOforIPO_pages.java:18)
	at Stepdefinition1.CreatePOforIPO_Steps.<init>(CreatePOforIPO_Steps.java:11)
	at java.base/jdk.internal.reflect.DirectConstructorHandleAccessor.newInstance(DirectConstructorHandleAccessor.java:67)
	... 38 more
</textarea>
		</li>
		<li test-id='13' class='node * pass' status='pass'>
			<div class="step-name" title=""><span class='status pass' title='pass'><i class='material-icons'>check_circle</i></span>Stepdefinition1.Hooks.as(io.cucumber.java.Scenario)</div>
			<ul class='screenshots right'>
				<li><a data-featherlight="image" href="../screenshots/embedded5.png"><i class='material-icons'>panorama</i></a></li>
			</ul>
			<div class="node-step"></div>
		</li>
		<li test-id='14' class='node and skip' status='skip'>
			<div class="step-name" title="Stepdefinition1.CreatePOforIPO_Steps.click_on_Data_Entry_in_fabric_sourcing_module()"><span class='status skip' title='skip'><i class='material-icons'>redo</i></span>And click on Data Entry in fabric sourcing module</div>
			<div class="node-step">Step skipped</div>
		</li>
		<li test-id='16' class='node and skip' status='skip'>
			<div class="step-name" title="Stepdefinition1.CreatePOforIPO_Steps.click_on_Generate_PO()"><span class='status skip' title='skip'><i class='material-icons'>redo</i></span>And click on Generate PO</div>
			<div class="node-step">Step skipped</div>
		</li>
		<li test-id='18' class='node then skip' status='skip'>
			<div class="step-name" title="Stepdefinition1.CreatePOforIPO_Steps.click_on_Create_PO_for_Fabric()"><span class='status skip' title='skip'><i class='material-icons'>redo</i></span>Then click on Create PO for Fabric</div>
			<div class="node-step">Step skipped</div>
		</li>
		<li test-id='20' class='node and skip' status='skip'>
			<div class="step-name" title="Stepdefinition1.CreatePOforIPO_Steps.Verify_the_Create_PO_for_IPO_screen_is_displayed_or_not()"><span class='status skip' title='skip'><i class='material-icons'>redo</i></span>And Verify the Create PO for IPO screen is displayed or not</div>
			<div class="node-step">Step skipped</div>
		</li>
		<li test-id='22' class='node and skip' status='skip'>
			<div class="step-name" title="Stepdefinition1.CreatePOforIPO_Steps.Select_Type_of_Order()"><span class='status skip' title='skip'><i class='material-icons'>redo</i></span>And Select Type of Order</div>
			<div class="node-step">Step skipped</div>
		</li>
		<li test-id='24' class='node and skip' status='skip'>
			<div class="step-name" title="Stepdefinition1.CreatePOforIPO_Steps.Enter_Lead_time_in_Days()"><span class='status skip' title='skip'><i class='material-icons'>redo</i></span>And Enter Lead time in Days</div>
			<div class="node-step">Step skipped</div>
		</li>
		<li test-id='26' class='node and skip' status='skip'>
			<div class="step-name" title="Stepdefinition1.CreatePOforIPO_Steps.Select_Process_from_dropdown_list()"><span class='status skip' title='skip'><i class='material-icons'>redo</i></span>And Select Process from dropdown list</div>
			<div class="node-step">Step skipped</div>
		</li>
		<li test-id='28' class='node and skip' status='skip'>
			<div class="step-name" title="Stepdefinition1.CreatePOforIPO_Steps.Select_Fabric_Type()"><span class='status skip' title='skip'><i class='material-icons'>redo</i></span>And Select Fabric Type</div>
			<div class="node-step">Step skipped</div>
		</li>
		<li test-id='30' class='node and skip' status='skip'>
			<div class="step-name" title="Stepdefinition1.CreatePOforIPO_Steps.Select_Fabric_Name()"><span class='status skip' title='skip'><i class='material-icons'>redo</i></span>And Select Fabric Name</div>
			<div class="node-step">Step skipped</div>
		</li>
		<li test-id='32' class='node and skip' status='skip'>
			<div class="step-name" title="Stepdefinition1.CreatePOforIPO_Steps.verify_that_rate_is_displaying_with_value_or_not()"><span class='status skip' title='skip'><i class='material-icons'>redo</i></span>And verify that rate is displaying with value or not</div>
			<div class="node-step">Step skipped</div>
		</li>
		<li test-id='34' class='node and skip' status='skip'>
			<div class="step-name" title="Stepdefinition1.CreatePOforIPO_Steps.verify_that_UOM_is_displayed_or_user_should_select()"><span class='status skip' title='skip'><i class='material-icons'>redo</i></span>And verify that UOM is displayed or user should select</div>
			<div class="node-step">Step skipped</div>
		</li>
		<li test-id='36' class='node given skip' status='skip'>
			<div class="step-name" title="Stepdefinition1.CreatePOforIPO_Steps.Enter_the_data_in_L_Short_If_Any_field()"><span class='status skip' title='skip'><i class='material-icons'>redo</i></span>Given Enter the data in L Short If Any field</div>
			<div class="node-step">Step skipped</div>
		</li>
		<li test-id='38' class='node given skip' status='skip'>
			<div class="step-name" title="Stepdefinition1.CreatePOforIPO_Steps.Enter_the_data_in_Additional_Information1_field()"><span class='status skip' title='skip'><i class='material-icons'>redo</i></span>Given Enter the data in Additional Information1 field</div>
			<div class="node-step">Step skipped</div>
		</li>
		<li test-id='40' class='node given skip' status='skip'>
			<div class="step-name" title="Stepdefinition1.CreatePOforIPO_Steps.Enter_the_data_in_Additional_Information2_field()"><span class='status skip' title='skip'><i class='material-icons'>redo</i></span>Given Enter the data in Additional Information2 field</div>
			<div class="node-step">Step skipped</div>
		</li>
		<li test-id='42' class='node and skip' status='skip'>
			<div class="step-name" title="Stepdefinition1.CreatePOforIPO_Steps.verify_that_Add_IPO_button_is_enable_or_not()"><span class='status skip' title='skip'><i class='material-icons'>redo</i></span>And verify that Add IPO button is enable or not</div>
			<div class="node-step">Step skipped</div>
		</li>
		<li test-id='44' class='node and skip' status='skip'>
			<div class="step-name" title="Stepdefinition1.CreatePOforIPO_Steps.click_on_delete_icon_is_able_to_click_or_not()"><span class='status skip' title='skip'><i class='material-icons'>redo</i></span>And click on delete icon is able to click or not</div>
			<div class="node-step">Step skipped</div>
		</li>
		<li test-id='46' class='node and skip' status='skip'>
			<div class="step-name" title="Stepdefinition1.CreatePOforIPO_Steps.select_the_IPO_from_the_dropdown_list()"><span class='status skip' title='skip'><i class='material-icons'>redo</i></span>And select the IPO from the dropdown list</div>
			<div class="node-step">Step skipped</div>
		</li>
		<li test-id='48' class='node and skip' status='skip'>
			<div class="step-name" title="Stepdefinition1.CreatePOforIPO_Steps.verify_the_due_date_is_displayed_as_current_date()"><span class='status skip' title='skip'><i class='material-icons'>redo</i></span>And verify the due date is displayed as current date</div>
			<div class="node-step">Step skipped</div>
		</li>
		<li test-id='50' class='node and skip' status='skip'>
			<div class="step-name" title="Stepdefinition1.CreatePOforIPO_Steps.verify_the_quatity_is_displayed_as_greater_than_zero_in_quantity_field()"><span class='status skip' title='skip'><i class='material-icons'>redo</i></span>And verify the quatity is displayed as greater than zero in quantity field</div>
			<div class="node-step">Step skipped</div>
		</li>
		<li test-id='52' class='node and skip' status='skip'>
			<div class="step-name" title="Stepdefinition1.CreatePOforIPO_Steps.verify_the_quantity_is_displayed_as_greater_than_zero_in_qty_use_from_stock_field()"><span class='status skip' title='skip'><i class='material-icons'>redo</i></span>And verify the quantity is displayed as greater than zero in qty use from stock field</div>
			<div class="node-step">Step skipped</div>
		</li>
		<li test-id='54' class='node and skip' status='skip'>
			<div class="step-name" title="Stepdefinition1.CreatePOforIPO_Steps.verify_the_quantity_is_displayed_as_greater_than_zero_in_qty_to_be_bought_field()"><span class='status skip' title='skip'><i class='material-icons'>redo</i></span>And verify the quantity is displayed as greater than zero in qty to be bought field</div>
			<div class="node-step">Step skipped</div>
		</li>
		<li test-id='56' class='node and skip' status='skip'>
			<div class="step-name" title="Stepdefinition1.CreatePOforIPO_Steps.verify_the_rate_value_is_prepopulated_in_grid_or_not()"><span class='status skip' title='skip'><i class='material-icons'>redo</i></span>And verify the rate value is prepopulated in grid or not</div>
			<div class="node-step">Step skipped</div>
		</li>
		<li test-id='58' class='node and skip' status='skip'>
			<div class="step-name" title="Stepdefinition1.CreatePOforIPO_Steps.verify_the_Amount_is_displayed_after_selecting_the_ipo_in_grid()"><span class='status skip' title='skip'><i class='material-icons'>redo</i></span>And verify the Amount is displayed after selecting the ipo in grid</div>
			<div class="node-step">Step skipped</div>
		</li>
		<li test-id='60' class='node then skip' status='skip'>
			<div class="step-name" title="Stepdefinition1.CreatePOforIPO_Steps.click_on_save_button_and_verify_that_save_button_is_enable_after_inserting_the_data_in_mandatory_fields()"><span class='status skip' title='skip'><i class='material-icons'>redo</i></span>Then click on save button and verify that save button is enable after inserting the data in mandatory fields</div>
			<div class="node-step">Step skipped</div>
		</li>
		<li test-id='63' class='node * fail' status='fail'>
			<div class="step-name" title=""><span class='status fail' title='fail'><i class='material-icons'>cancel</i></span>Stepdefinition1.Hooks.captureScreenshot(io.cucumber.java.Scenario)</div>
			<textarea disabled class="code-block">org.openqa.selenium.NoSuchSessionException: Session ID is null. Using WebDriver after calling quit()?
Build info: version: '3.13.0', revision: '2f0d292', time: '2018-06-25T15:24:21.231Z'
System info: host: 'DESKTOP-58Q0BN1', ip: '192.168.1.120', os.name: 'Windows 10', os.arch: 'amd64', os.version: '10.0', java.version: '20.0.2'
Driver info: driver.version: RemoteWebDriver
	at org.openqa.selenium.remote.HttpCommandExecutor.execute(HttpCommandExecutor.java:125)
	at org.openqa.selenium.remote.service.DriverCommandExecutor.execute(DriverCommandExecutor.java:83)
	at org.openqa.selenium.remote.RemoteWebDriver.execute(RemoteWebDriver.java:548)
	at org.openqa.selenium.remote.RemoteWebDriver.execute(RemoteWebDriver.java:605)
	at org.openqa.selenium.remote.RemoteWebDriver.getScreenshotAs(RemoteWebDriver.java:294)
	at Stepdefinition1.Hooks.captureScreenshot(Hooks.java:29)
</textarea>
		</li>
	</ul>
</div>
					</div>
				</li>
			</ul>
		</div>
	</div>
	<!-- subview left -->
	<div class='subview-right left'>
		<div class='view-summary'>
			<div id='step-filters' class="right sr-filters">
				<a class="btn-floating waves-effect waves-light green" status="pass" alt="pass" title="pass"><i class="material-icons">check_circle</i></a>
				<a class="btn-floating waves-effect waves-light red" status="fail" alt="fail" title="fail"><i class="material-icons">cancel</i></a>
				<a class="btn-floating waves-effect waves-light red darken-4" status="fatal" alt="fatal" title="fatal"><i class="material-icons">cancel</i></a>
				<a class="btn-floating waves-effect waves-light pink text-lighten-1" status="error" alt="error" title="error"><i class="material-icons">error</i></a>
				<a class="btn-floating waves-effect waves-light orange" alt="warning" status="warning" title="warning"><i class="material-icons">warning</i></a>
				<a class="btn-floating waves-effect waves-light teal" status="skip" alt="skip" title="skip"><i class="material-icons">redo</i></a>
				<a class="btn-floating waves-effect waves-light grey" status="clear" alt="Clear filters" title="Clear filters"><i class="material-icons">clear</i></a>
			</div>
			<h5 class='test-name'></h5>
		</div>
	</div>
	<!-- subview right -->
</div>
<!-- test view --><div id='category-view' class='view hide'>
	<section id='controls'>
		<div class='controls grey lighten-4'>
			<!-- search -->
			<div class='chip transparent' alt='Search Tests' title='Search Tests'>
				<a href="#" class='search-div'>
				<i class='material-icons'>search</i> Search
				</a>
				<div class='input-field left hide'>
					<input id='search-tests' type='text' class='validate browser-default' placeholder='Search Tests...'>
				</div>
			</div>
			<!-- search -->
		</div>
	</section>
	<div class='subview-left left'>
		<div class='view-summary'>
			<ul id='category-collection' class='category-collection'>
				<li class='category displayed active'>
					<div class='category-heading'>
						<span class='category-name'>@FeatureGroup</span>
						<span class='category-status right'>
						<span class='label fail'>1</span>
						</span>
					</div>
					<div class='category-content hide'>
						<div class='category-status-counts'>
							
							<span status="fail" class='label red lighten-1 white-text'>Failed: 1</span>
							
						</div>
						<div class='category-tests'>
							<table class='bordered table-results'>
								<thead>
									<tr>
										<th>Timestamp</th>
										<th>TestName</th>
										<th>Status</th>
									</tr>
								</thead>
								<tbody>
									<tr>
										<td>Jan 31, 2024 10:55:34 am</td>
										<td class='linked' test-id='1'>Verification and Validation of Create PO for Fabric</td>
										<td><span class='test-status fail'>fail</span></td>
									</tr>
									<tr>
										<td>Jan 31, 2024 10:55:34 am</td>
										<td class='linked' test-id='2'>To Test the user able to navigate to create po for ipo screen and submit the po for ipo</td>
										<td><span class='test-status fail'>fail</span></td>
									</tr>
								</tbody>
							</table>
						</div>
					</div>
				</li>
				<li class='category displayed active'>
					<div class='category-heading'>
						<span class='category-name'>@CreatePOforIPOSmoke</span>
						<span class='category-status right'>
						<span class='label fail'>1</span>
						</span>
					</div>
					<div class='category-content hide'>
						<div class='category-status-counts'>
							
							<span status="fail" class='label red lighten-1 white-text'>Failed: 1</span>
							
						</div>
						<div class='category-tests'>
							<table class='bordered table-results'>
								<thead>
									<tr>
										<th>Timestamp</th>
										<th>TestName</th>
										<th>Status</th>
									</tr>
								</thead>
								<tbody>
									<tr>
										<td>Jan 31, 2024 10:55:34 am</td>
										<td class='linked' test-id='2'>To Test the user able to navigate to create po for ipo screen and submit the po for ipo</td>
										<td><span class='test-status fail'>fail</span></td>
									</tr>
								</tbody>
							</table>
						</div>
					</div>
				</li>
			</ul>
		</div>
	</div>
	<div class='subview-right left'>
		<div class='view-summary'>
			<h5 class='category-name'></h5>
		</div>
	</div>
</div>
<!-- category view --><div id='exception-view' class='view hide'>
	<section id='controls'>
		<div class='controls grey lighten-4'>
			<!-- search -->
			<div class='chip transparent' alt='Search Tests' title='Search Tests'>
				<a href="#" class='search-div'>
				<i class='material-icons'>search</i> Search
				</a>
				<div class='input-field left hide'>
					<input id='search-tests' type='text' class='validate browser-default' placeholder='Search Tests...'>
				</div>
			</div>
			<!-- search -->
		</div>
	</section>
	<div class='subview-left left'>
		<div class='view-summary'>
			<ul id='exception-collection' class='exception-collection'>
				<li class='exception displayed active'>
					<div class='exception-heading'>
						<span class='exception-name'>io.cucumber.core.exception.CucumberException</span>
						<span class='exception-count right'><span class='label red lighten-1 white-text'>1</span></span>
					</div>
					<div class='exception-content hide'>
						<div class='exception-tests'>
							<table class='bordered table-results'>
								<thead>
									<tr>
										<th>Timestamp</th>
										<th>TestName</th>
										<th>Status</th>
									</tr>
								</thead>
								<tbody>
									<tr>
										<td>Jan 31, 2024 10:55:57 am</td>
										<td class='linked' test-id='12'>Then Click on Fabric sourcing module</td>
										<td>
											<textarea disabled class="code-block">io.cucumber.core.exception.CucumberException: Failed to instantiate class Stepdefinition1.CreatePOforIPO_Steps
	at io.cucumber.core.runtime.ObjectFactoryServiceLoader$DefaultJavaObjectFactory.cacheNewInstance(ObjectFactoryServiceLoader.java:149)
	at io.cucumber.core.runtime.ObjectFactoryServiceLoader$DefaultJavaObjectFactory.getInstance(ObjectFactoryServiceLoader.java:133)
	at io.cucumber.java.AbstractGlueDefinition.invokeMethod(AbstractGlueDefinition.java:47)
	at io.cucumber.java.JavaStepDefinition.execute(JavaStepDefinition.java:29)
	at io.cucumber.core.runner.CoreStepDefinition.execute(CoreStepDefinition.java:66)
	at io.cucumber.core.runner.PickleStepDefinitionMatch.runStep(PickleStepDefinitionMatch.java:63)
	at io.cucumber.core.runner.ExecutionMode$1.execute(ExecutionMode.java:10)
	at io.cucumber.core.runner.TestStep.executeStep(TestStep.java:92)
	at io.cucumber.core.runner.TestStep.run(TestStep.java:64)
	at io.cucumber.core.runner.PickleStepTestStep.run(PickleStepTestStep.java:51)
	at io.cucumber.core.runner.TestCase.run(TestCase.java:104)
	at io.cucumber.core.runner.Runner.runPickle(Runner.java:73)
	at io.cucumber.junit.PickleRunners$NoStepDescriptions.run(PickleRunners.java:151)
	at io.cucumber.junit.FeatureRunner.runChild(FeatureRunner.java:135)
	at io.cucumber.junit.FeatureRunner.runChild(FeatureRunner.java:27)
	at org.junit.runners.ParentRunner$3.run(ParentRunner.java:238)
	at org.junit.runners.ParentRunner$1.schedule(ParentRunner.java:63)
	at org.junit.runners.ParentRunner.runChildren(ParentRunner.java:236)
	at org.junit.runners.ParentRunner.access$000(ParentRunner.java:53)
	at org.junit.runners.ParentRunner$2.evaluate(ParentRunner.java:229)
	at org.junit.runners.ParentRunner.run(ParentRunner.java:309)
	at io.cucumber.junit.Cucumber.runChild(Cucumber.java:200)
	at io.cucumber.junit.Cucumber.runChild(Cucumber.java:90)
	at org.junit.runners.ParentRunner$3.run(ParentRunner.java:238)
	at org.junit.runners.ParentRunner$1.schedule(ParentRunner.java:63)
	at org.junit.runners.ParentRunner.runChildren(ParentRunner.java:236)
	at org.junit.runners.ParentRunner.access$000(ParentRunner.java:53)
	at org.junit.runners.ParentRunner$2.evaluate(ParentRunner.java:229)
	at io.cucumber.junit.Cucumber$RunCucumber.evaluate(Cucumber.java:235)
	at org.junit.runners.ParentRunner.run(ParentRunner.java:309)
	at org.eclipse.jdt.internal.junit4.runner.JUnit4TestReference.run(JUnit4TestReference.java:93)
	at org.eclipse.jdt.internal.junit.runner.TestExecution.run(TestExecution.java:40)
	at org.eclipse.jdt.internal.junit.runner.RemoteTestRunner.runTests(RemoteTestRunner.java:529)
	at org.eclipse.jdt.internal.junit.runner.RemoteTestRunner.runTests(RemoteTestRunner.java:756)
	at org.eclipse.jdt.internal.junit.runner.RemoteTestRunner.run(RemoteTestRunner.java:452)
	at org.eclipse.jdt.internal.junit.runner.RemoteTestRunner.main(RemoteTestRunner.java:210)
Caused by: java.lang.reflect.InvocationTargetException
	at java.base/jdk.internal.reflect.DirectConstructorHandleAccessor.newInstance(DirectConstructorHandleAccessor.java:79)
	at java.base/java.lang.reflect.Constructor.newInstanceWithCaller(Constructor.java:500)
	at java.base/java.lang.reflect.Constructor.newInstance(Constructor.java:484)
	at io.cucumber.core.runtime.ObjectFactoryServiceLoader$DefaultJavaObjectFactory.cacheNewInstance(ObjectFactoryServiceLoader.java:141)
	... 35 more
Caused by: java.lang.Error: Unresolved compilation problems: 
	Syntax error on tokens, delete these tokens
	Duplicate field CreatePOForStockPage.butt_Save
	Syntax error on tokens, delete these tokens
	Duplicate field CreatePOForStockPage.butt_Save
	Syntax error on tokens, delete these tokens
	Invalid character constant
	of cannot be resolved to a type
	Syntax error on tokens, delete these tokens
	Syntax error on tokens, delete these tokens
	Duplicate local variable DelivTerms
	Syntax error, insert ";" to complete Statement
	Invalid character constant
	Syntax error on tokens, delete these tokens
	Syntax error on tokens, delete these tokens
	The method findElement(By) in the type WebDriver is not applicable for the arguments (String)
	Syntax error, insert ";" to complete Statement
	Invalid character constant
	Syntax error on tokens, delete these tokens
	Syntax error on tokens, delete these tokens
	Syntax error on tokens, delete these tokens
	Invalid character constant
	Syntax error on tokens, delete these tokens
	Syntax error on tokens, Expression expected instead
	Syntax error, insert ";" to complete Statement
	Invalid character constant
	Syntax error on tokens, delete these tokens
	Syntax error on tokens, Expression expected instead
	Syntax error, insert ";" to complete Statement
	Invalid character constant

	at Page.CreatePOForStockPage.<init>(CreatePOForStockPage.java:84)
	at Page.CreatePOforIPO_pages.<init>(CreatePOforIPO_pages.java:18)
	at Stepdefinition1.CreatePOforIPO_Steps.<init>(CreatePOforIPO_Steps.java:11)
	at java.base/jdk.internal.reflect.DirectConstructorHandleAccessor.newInstance(DirectConstructorHandleAccessor.java:67)
	... 38 more
</textarea>
										</td>
									</tr>
								</tbody>
							</table>
						</div>
					</div>
				</li>
				<li class='exception displayed active'>
					<div class='exception-heading'>
						<span class='exception-name'>org.openqa.selenium.NoSuchSessionException</span>
						<span class='exception-count right'><span class='label red lighten-1 white-text'>1</span></span>
					</div>
					<div class='exception-content hide'>
						<div class='exception-tests'>
							<table class='bordered table-results'>
								<thead>
									<tr>
										<th>Timestamp</th>
										<th>TestName</th>
										<th>Status</th>
									</tr>
								</thead>
								<tbody>
									<tr>
										<td>Jan 31, 2024 10:55:59 am</td>
										<td class='linked' test-id='63'>Stepdefinition1.Hooks.captureScreenshot(io.cucumber.java.Scenario)</td>
										<td>
											<textarea disabled class="code-block">org.openqa.selenium.NoSuchSessionException: Session ID is null. Using WebDriver after calling quit()?
Build info: version: '3.13.0', revision: '2f0d292', time: '2018-06-25T15:24:21.231Z'
System info: host: 'DESKTOP-58Q0BN1', ip: '192.168.1.120', os.name: 'Windows 10', os.arch: 'amd64', os.version: '10.0', java.version: '20.0.2'
Driver info: driver.version: RemoteWebDriver
	at org.openqa.selenium.remote.HttpCommandExecutor.execute(HttpCommandExecutor.java:125)
	at org.openqa.selenium.remote.service.DriverCommandExecutor.execute(DriverCommandExecutor.java:83)
	at org.openqa.selenium.remote.RemoteWebDriver.execute(RemoteWebDriver.java:548)
	at org.openqa.selenium.remote.RemoteWebDriver.execute(RemoteWebDriver.java:605)
	at org.openqa.selenium.remote.RemoteWebDriver.getScreenshotAs(RemoteWebDriver.java:294)
	at Stepdefinition1.Hooks.captureScreenshot(Hooks.java:29)
</textarea>
										</td>
									</tr>
								</tbody>
							</table>
						</div>
					</div>
				</li>
			</ul>
		</div>
	</div>
	<div class='subview-right left'>
		<div class='view-summary'>
			<h5 class='exception-name'></h5>
		</div>
	</div>
</div>
<!-- exception view --><div id='dashboard-view' class='view hide'>
	<div class='card-panel transparent np-v'>
		<h5>Dashboard</h5>

		<div class='row'>
			<div class='col s2'>
				<div class='card-panel r'>
					Features
					<div class='panel-lead'>1</div>
				</div>
			</div>
			<div class='col s2'>
				<div class='card-panel r'>
					Scenarios
					<div class='panel-lead'>1</div>
				</div>
			</div>
			<div class='col s2'>
				<div class='card-panel r'>
					Steps
					<div class='panel-lead'>35</div>
				</div>
			</div>
			<div class='col s2'>
				<div class='card-panel r'>
					Start
					<div class='panel-lead'>Jan 31, 2024 10:55:28 am</div>
				</div>
			</div>
			<div class='col s2'>
				<div class='card-panel r'>
			 		End
			 		<div class='panel-lead'>Jan 31, 2024 10:55:59 am</div>
				</div>
			</div>
			<div class='col s2'>
				<div class='card-panel r'>
					Time Taken
					<div class='panel-lead'>0h 0m 31s+35ms</div>
				</div>
			</div>
			<div class='col s6'>
				<div class='card-panel dashboard-categories'>
					<span class='right label cyan white-text'>Categories</span><p>&nbsp;</p>
					
					<table>
						<tr>
							<th>Name</th>
							<th>Passed</th>
							<th>Failed</th>
							<th>Skipped</th>
							<th>Passed %</th>
						</tr>
						<tr>
							<td>@FeatureGroup</td>
							<td>0</td>
							<td>1</td>
							<td>0</td>
							<td>
									0%
							</td>
						</tr>
						<tr>
							<td>@CreatePOforIPOSmoke</td>
							<td>0</td>
							<td>1</td>
							<td>0</td>
							<td>
									0%
							</td>
						</tr>
					</table>
				</div>
			</div>
		</div>
	</div>
</div>
<!-- dashboard view -->
<!-- testrunner-logs view -->		</div>
		<!-- container -->
		<script>
			var statusGroup = {
                parentCount: 1,
				passParent: 0,
				failParent: 1,
				fatalParent: 0,
				errorParent: 0,
				warningParent: 0,
				skipParent: 0,
				exceptionsParent: 1,
				childCount: 1,
				passChild: 0,
				failChild: 1,
				fatalChild: 0,
				errorChild: 0,
				warningChild: 0,
				skipChild: 0,
				infoChild: 0,
				debugChild: 0,
				exceptionsChild: 1,
				grandChildCount: 35,
				passGrandChild: 9,
				failGrandChild: 2,
				fatalGrandChild: 0,
				errorGrandChild: 0,
				warningGrandChild: 0,
				skipGrandChild: 24,
				infoGrandChild: 0,
				debugGrandChild: 0,
				exceptionsGrandChild: 26,
			};
		</script>
		<script>
			var timeline = {
			        "Verification and Validation of Create PO for Fabric":25.134
			};
		</script>
	
		  <script src='https://cdn.jsdelivr.net/gh/extent-framework/extent-github-cdn@ff53917fbbdb5ef820abbbe4d199a6942dc771ff/v3html/js/extent.js' type='text/javascript'></script>
		<script type='text/javascript'>
		</script>
	</body>
</html>